<?xml version="1.0" encoding="UTF-8"?>
<!-- Generated by org.testng.reporters.JUnitReportReporter -->
<testsuite hostname="MSI" failures="0" tests="3" name="com.runner.DataProvider1" time="17.934" errors="0" timestamp="2024-10-16T20:57:03 IST" skipped="0">
  <testcase classname="com.runner.DataProvider1" name="orange" time="6.670"/>
  <system-out/>
  <testcase classname="com.runner.DataProvider1" name="orange" time="5.154"/>
  <system-out/>
  <testcase classname="com.runner.DataProvider1" name="orange" time="6.110"/>
  <system-out/>
</testsuite> <!-- com.runner.DataProvider1 -->
