<?xml version="1.0" encoding="UTF-8"?>
<!-- Generated by org.testng.reporters.JUnitReportReporter -->
<testsuite hostname="MSI" failures="0" tests="5" name="com.runner.SwagLabs" time="12.012" errors="0" timestamp="2024-10-16T01:30:35 IST" skipped="0">
  <testcase classname="com.runner.SwagLabs" name="browserLaunch" time="2.043"/>
  <system-out/>
  <testcase classname="com.runner.SwagLabs" name="urlLaunch" time="1.257"/>
  <system-out/>
  <testcase classname="com.runner.SwagLabs" name="login" time="5.549"/>
  <system-out/>
  <testcase classname="com.runner.SwagLabs" name="checkout" time="1.597"/>
  <system-out/>
  <testcase classname="com.runner.SwagLabs" name="searchProduct" time="1.566"/>
  <system-out/>
</testsuite> <!-- com.runner.SwagLabs -->
