<?xml version="1.0" encoding="UTF-8"?>
<!-- Generated by org.testng.reporters.JUnitReportReporter -->
<testsuite hostname="MSI" failures="0" tests="1" name="com.runner.ParameterData" time="3.224" errors="0" timestamp="2024-10-16T22:08:27 IST" skipped="0">
  <testcase classname="com.runner.ParameterData" name="login" time="3.224"/>
  <system-out/>
</testsuite> <!-- com.runner.ParameterData -->
