<?xml version="1.0" encoding="UTF-8"?>
<!-- Generated by org.testng.reporters.JUnitReportReporter -->
<testsuite hostname="MSI" failures="0" tests="3" name="com.runner.CrossBrowser" time="14.110" errors="0" timestamp="2024-10-17T10:36:43 IST" skipped="0">
  <testcase classname="com.runner.CrossBrowser" name="chrome" time="5.214"/>
  <system-out/>
  <testcase classname="com.runner.CrossBrowser" name="chrome" time="3.682"/>
  <system-out/>
  <testcase classname="com.runner.CrossBrowser" name="edge" time="5.214"/>
  <system-out/>
</testsuite> <!-- com.runner.CrossBrowser -->
