<?xml version="1.0" encoding="UTF-8"?>
<!-- Generated by org.testng.reporters.JUnitReportReporter -->
<testsuite hostname="MSI" failures="0" tests="1" name="com.runner.MRS" time="14.655" errors="0" timestamp="2024-10-18T22:42:50 IST" skipped="0">
  <testcase classname="com.runner.MRS" name="Login" time="14.655"/>
  <system-out/>
</testsuite> <!-- com.runner.MRS -->
